# JRE version: Java(TM) SE Runtime Environment (8.0_66-b18) (build 1.8.0_66-b18)
# Java VM: Java HotSpot(TM) 64-Bit Server VM (25.66-b18 mixed mode windows-amd64 compressed oops)
Heap:
 PSYoungGen      total 151552K, used 38078K [0x00000000e0000000, 0x00000000ea500000, 0x0000000100000000)
  eden space 138752K, 18% used [0x00000000e0000000,0x00000000e18b1b78,0x00000000e8780000)
  from space 12800K, 99% used [0x00000000e8c00000,0x00000000e987dd20,0x00000000e9880000)
  to   space 10240K, 0% used [0x00000000e9b00000,0x00000000e9b00000,0x00000000ea500000)
 ParOldGen       total 96768K, used 20499K [0x00000000a0000000, 0x00000000a5e80000, 0x00000000e0000000)
  object space 96768K, 21% used [0x00000000a0000000,0x00000000a1404ef0,0x00000000a5e80000)
 Metaspace       used 46644K, capacity 48012K, committed 48216K, reserved 1091584K
  class space    used 6402K, capacity 6681K, committed 6744K, reserved 1048576K
GC Heap History (10 events):
Event: 4.647 GC heap before
{Heap before GC invocations=7 (full 1):
 PSYoungGen      total 71680K, used 71662K [0x00000000e0000000, 0x00000000e7980000, 0x0000000100000000)
  eden space 66560K, 100% used [0x00000000e0000000,0x00000000e4100000,0x00000000e4100000)
  from space 5120K, 99% used [0x00000000e4100000,0x00000000e45fb8f0,0x00000000e4600000)
  to   space 11264K, 0% used [0x00000000e6e80000,0x00000000e6e80000,0x00000000e7980000)
 ParOldGen       total 62976K, used 12237K [0x00000000a0000000, 0x00000000a3d80000, 0x00000000e0000000)
  object space 62976K, 19% used [0x00000000a0000000,0x00000000a0bf3770,0x00000000a3d80000)
 Metaspace       used 29590K, capacity 30034K, committed 30336K, reserved 1075200K
  class space    used 4107K, capacity 4213K, committed 4224K, reserved 1048576K
Event: 4.656 GC heap after
Heap after GC invocations=7 (full 1):
 PSYoungGen      total 104448K, used 6595K [0x00000000e0000000, 0x00000000e7500000, 0x0000000100000000)
  eden space 97792K, 0% used [0x00000000e0000000,0x00000000e0000000,0x00000000e5f80000)
  from space 6656K, 99% used [0x00000000e6e80000,0x00000000e74f0ea8,0x00000000e7500000)
  to   space 10752K, 0% used [0x00000000e6000000,0x00000000e6000000,0x00000000e6a80000)
 ParOldGen       total 62976K, used 12309K [0x00000000a0000000, 0x00000000a3d80000, 0x00000000e0000000)
  object space 62976K, 19% used [0x00000000a0000000,0x00000000a0c05780,0x00000000a3d80000)
 Metaspace       used 29590K, capacity 30034K, committed 30336K, reserved 1075200K
  class space    used 4107K, capacity 4213K, committed 4224K, reserved 1048576K
}
Event: 5.251 GC heap before
{Heap before GC invocations=8 (full 1):
 PSYoungGen      total 104448K, used 74769K [0x00000000e0000000, 0x00000000e7500000, 0x0000000100000000)
  eden space 97792K, 69% used [0x00000000e0000000,0x00000000e4293660,0x00000000e5f80000)
  from space 6656K, 99% used [0x00000000e6e80000,0x00000000e74f0ea8,0x00000000e7500000)
  to   space 10752K, 0% used [0x00000000e6000000,0x00000000e6000000,0x00000000e6a80000)
 ParOldGen       total 62976K, used 12309K [0x00000000a0000000, 0x00000000a3d80000, 0x00000000e0000000)
  object space 62976K, 19% used [0x00000000a0000000,0x00000000a0c05780,0x00000000a3d80000)
 Metaspace       used 34589K, capacity 35206K, committed 35416K, reserved 1079296K
  class space    used 4722K, capacity 4879K, committed 4952K, reserved 1048576K
Event: 5.271 GC heap after
Heap after GC invocations=8 (full 1):
 PSYoungGen      total 109056K, used 10741K [0x00000000e0000000, 0x00000000ea700000, 0x0000000100000000)
  eden space 98304K, 0% used [0x00000000e0000000,0x00000000e0000000,0x00000000e6000000)
  from space 10752K, 99% used [0x00000000e6000000,0x00000000e6a7d5d0,0x00000000e6a80000)
  to   space 12288K, 0% used [0x00000000e9b00000,0x00000000e9b00000,0x00000000ea700000)
 ParOldGen       total 62976K, used 12656K [0x00000000a0000000, 0x00000000a3d80000, 0x00000000e0000000)
  object space 62976K, 20% used [0x00000000a0000000,0x00000000a0c5c088,0x00000000a3d80000)
 Metaspace       used 34589K, capacity 35206K, committed 35416K, reserved 1079296K
  class space    used 4722K, capacity 4879K, committed 4952K, reserved 1048576K
}
Event: 5.271 GC heap before
{Heap before GC invocations=9 (full 2):
 PSYoungGen      total 109056K, used 10741K [0x00000000e0000000, 0x00000000ea700000, 0x0000000100000000)
  eden space 98304K, 0% used [0x00000000e0000000,0x00000000e0000000,0x00000000e6000000)
  from space 10752K, 99% used [0x00000000e6000000,0x00000000e6a7d5d0,0x00000000e6a80000)
  to   space 12288K, 0% used [0x00000000e9b00000,0x00000000e9b00000,0x00000000ea700000)
 ParOldGen       total 62976K, used 12656K [0x00000000a0000000, 0x00000000a3d80000, 0x00000000e0000000)
  object space 62976K, 20% used [0x00000000a0000000,0x00000000a0c5c088,0x00000000a3d80000)
 Metaspace       used 34589K, capacity 35206K, committed 35416K, reserved 1079296K
  class space    used 4722K, capacity 4879K, committed 4952K, reserved 1048576K
Event: 5.395 GC heap after
Heap after GC invocations=9 (full 2):
 PSYoungGen      total 109056K, used 0K [0x00000000e0000000, 0x00000000ea700000, 0x0000000100000000)
  eden space 98304K, 0% used [0x00000000e0000000,0x00000000e0000000,0x00000000e6000000)
  from space 10752K, 0% used [0x00000000e6000000,0x00000000e6000000,0x00000000e6a80000)
  to   space 12288K, 0% used [0x00000000e9b00000,0x00000000e9b00000,0x00000000ea700000)
 ParOldGen       total 96768K, used 17557K [0x00000000a0000000, 0x00000000a5e80000, 0x00000000e0000000)
  object space 96768K, 18% used [0x00000000a0000000,0x00000000a1125528,0x00000000a5e80000)
 Metaspace       used 34589K, capacity 35206K, committed 35416K, reserved 1079296K
  class space    used 4722K, capacity 4879K, committed 4952K, reserved 1048576K
}
Event: 6.534 GC heap before
{Heap before GC invocations=10 (full 2):
 PSYoungGen      total 109056K, used 98304K [0x00000000e0000000, 0x00000000ea700000, 0x0000000100000000)
  eden space 98304K, 100% used [0x00000000e0000000,0x00000000e6000000,0x00000000e6000000)
  from space 10752K, 0% used [0x00000000e6000000,0x00000000e6000000,0x00000000e6a80000)
  to   space 12288K, 0% used [0x00000000e9b00000,0x00000000e9b00000,0x00000000ea700000)
 ParOldGen       total 96768K, used 17557K [0x00000000a0000000, 0x00000000a5e80000, 0x00000000e0000000)
  object space 96768K, 18% used [0x00000000a0000000,0x00000000a1125528,0x00000000a5e80000)
 Metaspace       used 42234K, capacity 43140K, committed 43480K, reserved 1087488K
  class space    used 5782K, capacity 5981K, committed 6104K, reserved 1048576K
Event: 6.542 GC heap after
Heap after GC invocations=10 (full 2):
 PSYoungGen      total 148992K, used 10157K [0x00000000e0000000, 0x00000000ea500000, 0x0000000100000000)
  eden space 138752K, 0% used [0x00000000e0000000,0x00000000e0000000,0x00000000e8780000)
  from space 10240K, 99% used [0x00000000e9b00000,0x00000000ea4eb450,0x00000000ea500000)
  to   space 12800K, 0% used [0x00000000e8c00000,0x00000000e8c00000,0x00000000e9880000)
 ParOldGen       total 96768K, used 17565K [0x00000000a0000000, 0x00000000a5e80000, 0x00000000e0000000)
  object space 96768K, 18% used [0x00000000a0000000,0x00000000a1127528,0x00000000a5e80000)
 Metaspace       used 42234K, capacity 43140K, committed 43480K, reserved 1087488K
  class space    used 5782K, capacity 5981K, committed 6104K, reserved 1048576K
}
Event: 8.501 GC heap before
{Heap before GC invocations=11 (full 2):
 PSYoungGen      total 148992K, used 148909K [0x00000000e0000000, 0x00000000ea500000, 0x0000000100000000)
  eden space 138752K, 100% used [0x00000000e0000000,0x00000000e8780000,0x00000000e8780000)
  from space 10240K, 99% used [0x00000000e9b00000,0x00000000ea4eb450,0x00000000ea500000)
  to   space 12800K, 0% used [0x00000000e8c00000,0x00000000e8c00000,0x00000000e9880000)
 ParOldGen       total 96768K, used 17565K [0x00000000a0000000, 0x00000000a5e80000, 0x00000000e0000000)
  object space 96768K, 18% used [0x00000000a0000000,0x00000000a1127528,0x00000000a5e80000)
 Metaspace       used 45421K, capacity 46630K, committed 46680K, reserved 1089536K
  class space    used 6191K, capacity 6444K, committed 6488K, reserved 1048576K
Event: 8.512 GC heap after
Heap after GC invocations=11 (full 2):
 PSYoungGen      total 151552K, used 12791K [0x00000000e0000000, 0x00000000ea500000, 0x0000000100000000)
  eden space 138752K, 0% used [0x00000000e0000000,0x00000000e0000000,0x00000000e8780000)
  from space 12800K, 99% used [0x00000000e8c00000,0x00000000e987dd20,0x00000000e9880000)
  to   space 10240K, 0% used [0x00000000e9b00000,0x00000000e9b00000,0x00000000ea500000)
 ParOldGen       total 96768K, used 20499K [0x00000000a0000000, 0x00000000a5e80000, 0x00000000e0000000)
  object space 96768K, 21% used [0x00000000a0000000,0x00000000a1404ef0,0x00000000a5e80000)
 Metaspace       used 45421K, capacity 46630K, committed 46680K, reserved 1089536K
  class space    used 6191K, capacity 6444K, committed 6488K, reserved 1048576K
}

